[0523/013235.791:ERROR:process_memory_win.cc(73)] ReadMemory at 0x7ff6e7f80000 of 64 bytes failed: Only part of a ReadProcessMemory or WriteProcessMemory request was completed. (0x12B)
[0523/013235.791:WARNING:pe_image_reader.cc(340)] could not read dos header from C:\Program Files (x86)\Google\Chrome\Application\chrome.exe
[0523/013235.792:ERROR:process_memory_win.cc(73)] ReadMemory at 0x7ffc264e0000 of 64 bytes failed: Only part of a ReadProcessMemory or WriteProcessMemory request was completed. (0x12B)
[0523/013235.792:WARNING:pe_image_reader.cc(340)] could not read dos header from C:\Program Files (x86)\Google\Chrome\Application\81.0.4044.138\chrome.dll
[0523/013235.793:ERROR:process_memory_win.cc(73)] ReadMemory at 0x7ff6e7f80000 of 64 bytes failed: Only part of a ReadProcessMemory or WriteProcessMemory request was completed. (0x12B)
[0523/013235.793:WARNING:pe_image_reader.cc(340)] could not read dos header from C:\Program Files (x86)\Google\Chrome\Application\chrome.exe
[0523/013235.793:ERROR:process_memory_win.cc(73)] ReadMemory at 0x7ff6e7f80000 of 64 bytes failed: Only part of a ReadProcessMemory or WriteProcessMemory request was completed. (0x12B)
[0523/013235.793:WARNING:pe_image_reader.cc(340)] could not read dos header from C:\Program Files (x86)\Google\Chrome\Application\chrome.exe
[0523/013235.793:ERROR:process_memory_win.cc(73)] ReadMemory at 0x7ffc37700000 of 64 bytes failed: Only part of a ReadProcessMemory or WriteProcessMemory request was completed. (0x12B)
[0523/013235.793:WARNING:pe_image_reader.cc(340)] could not read dos header from C:\Program Files (x86)\Google\Chrome\Application\81.0.4044.138\chrome_elf.dll
[0523/013235.793:ERROR:process_memory_win.cc(73)] ReadMemory at 0x7ffc37700000 of 64 bytes failed: Only part of a ReadProcessMemory or WriteProcessMemory request was completed. (0x12B)
[0523/013235.793:WARNING:pe_image_reader.cc(340)] could not read dos header from C:\Program Files (x86)\Google\Chrome\Application\81.0.4044.138\chrome_elf.dll
[0523/013235.793:ERROR:process_memory_win.cc(73)] ReadMemory at 0x7ffc67eb0000 of 64 bytes failed: Only part of a ReadProcessMemory or WriteProcessMemory request was completed. (0x12B)
[0523/013235.793:WARNING:pe_image_reader.cc(340)] could not read dos header from C:\WINDOWS\SYSTEM32\VERSION.dll
[0523/013235.793:ERROR:process_memory_win.cc(73)] ReadMemory at 0x7ffc67eb0000 of 64 bytes failed: Only part of a ReadProcessMemory or WriteProcessMemory request was completed. (0x12B)
[0523/013235.793:WARNING:pe_image_reader.cc(340)] could not read dos header from C:\WINDOWS\SYSTEM32\VERSION.dll
[0523/013235.794:ERROR:process_memory_win.cc(73)] ReadMemory at 0x7ffc264e0000 of 64 bytes failed: Only part of a ReadProcessMemory or WriteProcessMemory request was completed. (0x12B)
[0523/013235.794:WARNING:pe_image_reader.cc(340)] could not read dos header from C:\Program Files (x86)\Google\Chrome\Application\81.0.4044.138\chrome.dll
[0523/013235.794:ERROR:process_memory_win.cc(73)] ReadMemory at 0x7ffc264e0000 of 64 bytes failed: Only part of a ReadProcessMemory or WriteProcessMemory request was completed. (0x12B)
[0523/013235.794:WARNING:pe_image_reader.cc(340)] could not read dos header from C:\Program Files (x86)\Google\Chrome\Application\81.0.4044.138\chrome.dll
[0523/013235.794:ERROR:process_memory_win.cc(73)] ReadMemory at 0x7ffc79ee0000 of 64 bytes failed: Only part of a ReadProcessMemory or WriteProcessMemory request was completed. (0x12B)
[0523/013235.794:WARNING:pe_image_reader.cc(340)] could not read dos header from C:\WINDOWS\System32\msvcp_win.dll
[0523/013235.794:ERROR:process_memory_win.cc(73)] ReadMemory at 0x7ffc79ee0000 of 64 bytes failed: Only part of a ReadProcessMemory or WriteProcessMemory request was completed. (0x12B)
[0523/013235.794:WARNING:pe_image_reader.cc(340)] could not read dos header from C:\WINDOWS\System32\msvcp_win.dll
[0523/013235.794:ERROR:process_memory_win.cc(73)] ReadMemory at 0x7ffc7a000000 of 64 bytes failed: Only part of a ReadProcessMemory or WriteProcessMemory request was completed. (0x12B)
[0523/013235.794:WARNING:pe_image_reader.cc(340)] could not read dos header from C:\WINDOWS\System32\WINTRUST.dll
[0523/013235.794:ERROR:process_memory_win.cc(73)] ReadMemory at 0x7ffc7a000000 of 64 bytes failed: Only part of a ReadProcessMemory or WriteProcessMemory request was completed. (0x12B)
[0523/013235.794:WARNING:pe_image_reader.cc(340)] could not read dos header from C:\WINDOWS\System32\WINTRUST.dll
[0523/013235.794:ERROR:process_memory_win.cc(73)] ReadMemory at 0x7ffc79c80000 of 64 bytes failed: Only part of a ReadProcessMemory or WriteProcessMemory request was completed. (0x12B)
[0523/013235.794:WARNING:pe_image_reader.cc(340)] could not read dos header from C:\WINDOWS\System32\MSASN1.dll
[0523/013235.794:ERROR:process_memory_win.cc(73)] ReadMemory at 0x7ffc79c80000 of 64 bytes failed: Only part of a ReadProcessMemory or WriteProcessMemory request was completed. (0x12B)
[0523/013235.794:WARNING:pe_image_reader.cc(340)] could not read dos header from C:\WINDOWS\System32\MSASN1.dll
[0523/013235.794:ERROR:process_memory_win.cc(73)] ReadMemory at 0x7ffc79d00000 of 64 bytes failed: Only part of a ReadProcessMemory or WriteProcessMemory request was completed. (0x12B)
[0523/013235.794:WARNING:pe_image_reader.cc(340)] could not read dos header from C:\WINDOWS\System32\CRYPT32.dll
[0523/013235.794:ERROR:process_memory_win.cc(73)] ReadMemory at 0x7ffc79d00000 of 64 bytes failed: Only part of a ReadProcessMemory or WriteProcessMemory request was completed. (0x12B)
[0523/013235.794:WARNING:pe_image_reader.cc(340)] could not read dos header from C:\WINDOWS\System32\CRYPT32.dll
[0523/013235.794:ERROR:process_memory_win.cc(73)] ReadMemory at 0x7ffc791c0000 of 64 bytes failed: Only part of a ReadProcessMemory or WriteProcessMemory request was completed. (0x12B)
[0523/013235.794:WARNING:pe_image_reader.cc(340)] could not read dos header from C:\WINDOWS\SYSTEM32\IPHLPAPI.DLL
[0523/013235.794:ERROR:process_memory_win.cc(73)] ReadMemory at 0x7ffc791c0000 of 64 bytes failed: Only part of a ReadProcessMemory or WriteProcessMemory request was completed. (0x12B)
[0523/013235.794:WARNING:pe_image_reader.cc(340)] could not read dos header from C:\WINDOWS\SYSTEM32\IPHLPAPI.DLL
[0523/013235.794:ERROR:process_memory_win.cc(73)] ReadMemory at 0x7ffc75a10000 of 64 bytes failed: Only part of a ReadProcessMemory or WriteProcessMemory request was completed. (0x12B)
[0523/013235.794:WARNING:pe_image_reader.cc(340)] could not read dos header from C:\WINDOWS\SYSTEM32\WINMM.dll
[0523/013235.794:ERROR:process_memory_win.cc(73)] ReadMemory at 0x7ffc75a10000 of 64 bytes failed: Only part of a ReadProcessMemory or WriteProcessMemory request was completed. (0x12B)
[0523/013235.794:WARNING:pe_image_reader.cc(340)] could not read dos header from C:\WINDOWS\SYSTEM32\WINMM.dll
[0523/013235.794:ERROR:process_memory_win.cc(73)] ReadMemory at 0x7ffc69660000 of 64 bytes failed: Only part of a ReadProcessMemory or WriteProcessMemory request was completed. (0x12B)
[0523/013235.794:WARNING:pe_image_reader.cc(340)] could not read dos header from C:\WINDOWS\SYSTEM32\Secur32.dll
[0523/013235.794:ERROR:process_memory_win.cc(73)] ReadMemory at 0x7ffc69660000 of 64 bytes failed: Only part of a ReadProcessMemory or WriteProcessMemory request was completed. (0x12B)
[0523/013235.795:WARNING:pe_image_reader.cc(340)] could not read dos header from C:\WINDOWS\SYSTEM32\Secur32.dll
[0523/013235.795:ERROR:process_memory_win.cc(73)] ReadMemory at 0x7ffc79b60000 of 64 bytes failed: Only part of a ReadProcessMemory or WriteProcessMemory request was completed. (0x12B)
[0523/013235.795:WARNING:pe_image_reader.cc(340)] could not read dos header from C:\WINDOWS\SYSTEM32\USERENV.dll
[0523/013235.795:ERROR:process_memory_win.cc(73)] ReadMemory at 0x7ffc79b60000 of 64 bytes failed: Only part of a ReadProcessMemory or WriteProcessMemory request was completed. (0x12B)
[0523/013235.795:WARNING:pe_image_reader.cc(340)] could not read dos header from C:\WINDOWS\SYSTEM32\USERENV.dll
[0523/013235.795:ERROR:process_memory_win.cc(73)] ReadMemory at 0x7ffc79c50000 of 64 bytes failed: Only part of a ReadProcessMemory or WriteProcessMemory request was completed. (0x12B)
[0523/013235.795:WARNING:pe_image_reader.cc(340)] could not read dos header from C:\WINDOWS\System32\profapi.dll
[0523/013235.795:ERROR:process_memory_win.cc(73)] ReadMemory at 0x7ffc79c50000 of 64 bytes failed: Only part of a ReadProcessMemory or WriteProcessMemory request was completed. (0x12B)
[0523/013235.795:WARNING:pe_image_reader.cc(340)] could not read dos header from C:\WINDOWS\System32\profapi.dll
[0523/013235.795:ERROR:process_memory_win.cc(73)] ReadMemory at 0x7ffc47050000 of 64 bytes failed: Only part of a ReadProcessMemory or WriteProcessMemory request was completed. (0x12B)
[0523/013235.795:WARNING:pe_image_reader.cc(340)] could not read dos header from C:\WINDOWS\SYSTEM32\UIAutomationCore.DLL
[0523/013235.795:ERROR:process_memory_win.cc(73)] ReadMemory at 0x7ffc47050000 of 64 bytes failed: Only part of a ReadProcessMemory or WriteProcessMemory request was completed. (0x12B)
[0523/013235.795:WARNING:pe_image_reader.cc(340)] could not read dos header from C:\WINDOWS\SYSTEM32\UIAutomationCore.DLL
[0523/013235.795:ERROR:process_memory_win.cc(73)] ReadMemory at 0x7ffc6a810000 of 64 bytes failed: Only part of a ReadProcessMemory or WriteProcessMemory request was completed. (0x12B)
[0523/013235.795:WARNING:pe_image_reader.cc(340)] could not read dos header from C:\WINDOWS\SYSTEM32\DWrite.dll
[0523/013235.795:ERROR:process_memory_win.cc(73)] ReadMemory at 0x7ffc6a810000 of 64 bytes failed: Only part of a ReadProcessMemory or WriteProcessMemory request was completed. (0x12B)
[0523/013235.795:WARNING:pe_image_reader.cc(340)] could not read dos header from C:\WINDOWS\SYSTEM32\DWrite.dll
[0523/013235.795:ERROR:process_memory_win.cc(73)] ReadMemory at 0x7ffc67e10000 of 64 bytes failed: Only part of a ReadProcessMemory or WriteProcessMemory request was completed. (0x12B)
[0523/013235.795:WARNING:pe_image_reader.cc(340)] could not read dos header from C:\WINDOWS\SYSTEM32\WINSPOOL.DRV
[0523/013235.795:ERROR:process_memory_win.cc(73)] ReadMemory at 0x7ffc67e10000 of 64 bytes failed: Only part of a ReadProcessMemory or WriteProcessMemory request was completed. (0x12B)
[0523/013235.795:WARNING:pe_image_reader.cc(340)] could not read dos header from C:\WINDOWS\SYSTEM32\WINSPOOL.DRV
[0523/013235.795:ERROR:process_memory_win.cc(73)] ReadMemory at 0x7ffc79c30000 of 64 bytes failed: Only part of a ReadProcessMemory or WriteProcessMemory request was completed. (0x12B)
[0523/013235.795:WARNING:pe_image_reader.cc(340)] could not read dos header from C:\WINDOWS\System32\kernel.appcore.dll
[0523/013235.795:ERROR:process_memory_win.cc(73)] ReadMemory at 0x7ffc79c30000 of 64 bytes failed: Only part of a ReadProcessMemory or WriteProcessMemory request was completed. (0x12B)
[0523/013235.795:WARNING:pe_image_reader.cc(340)] could not read dos header from C:\WINDOWS\System32\kernel.appcore.dll
[0523/013235.795:ERROR:process_memory_win.cc(73)] ReadMemory at 0x7ffc7ac60000 of 64 bytes failed: Only part of a ReadProcessMemory or WriteProcessMemory request was completed. (0x12B)
[0523/013235.795:WARNING:pe_image_reader.cc(340)] could not read dos header from C:\WINDOWS\System32\bcrypt.dll
[0523/013235.795:ERROR:process_memory_win.cc(73)] ReadMemory at 0x7ffc7ac60000 of 64 bytes failed: Only part of a ReadProcessMemory or WriteProcessMemory request was completed. (0x12B)
[0523/013235.795:WARNING:pe_image_reader.cc(340)] could not read dos header from C:\WINDOWS\System32\bcrypt.dll
[0523/013235.795:ERROR:process_memory_win.cc(73)] ReadMemory at 0x7ffc78440000 of 64 bytes failed: Only part of a ReadProcessMemory or WriteProcessMemory request was completed. (0x12B)
[0523/013235.795:WARNING:pe_image_reader.cc(340)] could not read dos header from C:\WINDOWS\SYSTEM32\dbghelp.dll
[0523/013235.796:ERROR:process_memory_win.cc(73)] ReadMemory at 0x7ffc78440000 of 64 bytes failed: Only part of a ReadProcessMemory or WriteProcessMemory request was completed. (0x12B)
[0523/013235.796:WARNING:pe_image_reader.cc(340)] could not read dos header from C:\WINDOWS\SYSTEM32\dbghelp.dll
[0523/013235.796:ERROR:process_memory_win.cc(73)] ReadMemory at 0x7ffc6cfc0000 of 64 bytes failed: Only part of a ReadProcessMemory or WriteProcessMemory request was completed. (0x12B)
[0523/013235.796:WARNING:pe_image_reader.cc(340)] could not read dos header from C:\WINDOWS\SYSTEM32\WINHTTP.dll
[0523/013235.796:ERROR:process_memory_win.cc(73)] ReadMemory at 0x7ffc6cfc0000 of 64 bytes failed: Only part of a ReadProcessMemory or WriteProcessMemory request was completed. (0x12B)
[0523/013235.796:WARNING:pe_image_reader.cc(340)] could not read dos header from C:\WINDOWS\SYSTEM32\WINHTTP.dll
[0523/013235.796:ERROR:process_memory_win.cc(73)] ReadMemory at 0x7ffc6ed80000 of 64 bytes failed: Only part of a ReadProcessMemory or WriteProcessMemory request was completed. (0x12B)
[0523/013235.796:WARNING:pe_image_reader.cc(340)] could not read dos header from C:\WINDOWS\SYSTEM32\dhcpcsvc.DLL
[0523/013235.796:ERROR:process_memory_win.cc(73)] ReadMemory at 0x7ffc6ed80000 of 64 bytes failed: Only part of a ReadProcessMemory or WriteProcessMemory request was completed. (0x12B)
[0523/013235.796:WARNING:pe_image_reader.cc(340)] could not read dos header from C:\WINDOWS\SYSTEM32\dhcpcsvc.DLL
[0523/013235.796:ERROR:process_memory_win.cc(73)] ReadMemory at 0x7ffc7da40000 of 64 bytes failed: Only part of a ReadProcessMemory or WriteProcessMemory request was completed. (0x12B)
[0523/013235.796:WARNING:pe_image_reader.cc(340)] could not read dos header from C:\WINDOWS\System32\NSI.dll
[0523/013235.796:ERROR:process_memory_win.cc(73)] ReadMemory at 0x7ffc7da40000 of 64 bytes failed: Only part of a ReadProcessMemory or WriteProcessMemory request was completed. (0x12B)
[0523/013235.796:WARNING:pe_image_reader.cc(340)] could not read dos header from C:\WINDOWS\System32\NSI.dll
[0523/013235.796:ERROR:process_memory_win.cc(73)] ReadMemory at 0x7ffc759e0000 of 64 bytes failed: Only part of a ReadProcessMemory or WriteProcessMemory request was completed. (0x12B)
[0523/013235.796:WARNING:pe_image_reader.cc(340)] could not read dos header from C:\WINDOWS\SYSTEM32\WINMMBASE.dll
[0523/013235.796:ERROR:process_memory_win.cc(73)] ReadMemory at 0x7ffc759e0000 of 64 bytes failed: Only part of a ReadProcessMemory or WriteProcessMemory request was completed. (0x12B)
[0523/013235.796:WARNING:pe_image_reader.cc(340)] could not read dos header from C:\WINDOWS\SYSTEM32\WINMMBASE.dll
[0523/013235.796:ERROR:process_memory_win.cc(73)] ReadMemory at 0x7ffc7a060000 of 64 bytes failed: Only part of a ReadProcessMemory or WriteProcessMemory request was completed. (0x12B)
[0523/013235.796:WARNING:pe_image_reader.cc(340)] could not read dos header from C:\WINDOWS\System32\cfgmgr32.dll
[0523/013235.796:ERROR:process_memory_win.cc(73)] ReadMemory at 0x7ffc7a060000 of 64 bytes failed: Only part of a ReadProcessMemory or WriteProcessMemory request was completed. (0x12B)
[0523/013235.796:WARNING:pe_image_reader.cc(340)] could not read dos header from C:\WINDOWS\System32\cfgmgr32.dll
[0523/013235.796:ERROR:process_memory_win.cc(73)] ReadMemory at 0x7ffc6d950000 of 64 bytes failed: Only part of a ReadProcessMemory or WriteProcessMemory request was completed. (0x12B)
[0523/013235.796:WARNING:pe_image_reader.cc(340)] could not read dos header from C:\WINDOWS\SYSTEM32\Bcp47Langs.dll
[0523/013235.796:ERROR:process_memory_win.cc(73)] ReadMemory at 0x7ffc6d950000 of 64 bytes failed: Only part of a ReadProcessMemory or WriteProcessMemory request was completed. (0x12B)
[0523/013235.796:WARNING:pe_image_reader.cc(340)] could not read dos header from C:\WINDOWS\SYSTEM32\Bcp47Langs.dll
[0523/013235.796:ERROR:process_memory_win.cc(73)] ReadMemory at 0x7ffc77970000 of 64 bytes failed: Only part of a ReadProcessMemory or WriteProcessMemory request was completed. (0x12B)
[0523/013235.796:WARNING:pe_image_reader.cc(340)] could not read dos header from C:\WINDOWS\SYSTEM32\PROPSYS.dll
[0523/013235.796:ERROR:process_memory_win.cc(73)] ReadMemory at 0x7ffc77970000 of 64 bytes failed: Only part of a ReadProcessMemory or WriteProcessMemory request was completed. (0x12B)
[0523/013235.797:WARNING:pe_image_reader.cc(340)] could not read dos header from C:\WINDOWS\SYSTEM32\PROPSYS.dll
[0523/013235.797:ERROR:process_memory_win.cc(73)] ReadMemory at 0x7ffc7bcc0000 of 64 bytes failed: Only part of a ReadProcessMemory or WriteProcessMemory request was completed. (0x12B)
[0523/013235.797:WARNING:pe_image_reader.cc(340)] could not read dos header from C:\WINDOWS\System32\shcore.dll
[0523/013235.797:ERROR:process_memory_win.cc(73)] ReadMemory at 0x7ffc7bcc0000 of 64 bytes failed: Only part of a ReadProcessMemory or WriteProcessMemory request was completed. (0x12B)
[0523/013235.797:WARNING:pe_image_reader.cc(340)] could not read dos header from C:\WINDOWS\System32\shcore.dll
[0523/013235.797:ERROR:process_memory_win.cc(73)] ReadMemory at 0x7ffc79b30000 of 64 bytes failed: Only part of a ReadProcessMemory or WriteProcessMemory request was completed. (0x12B)
[0523/013235.797:WARNING:pe_image_reader.cc(340)] could not read dos header from C:\WINDOWS\SYSTEM32\SSPICLI.DLL
[0523/013235.797:ERROR:process_memory_win.cc(73)] ReadMemory at 0x7ffc79b30000 of 64 bytes failed: Only part of a ReadProcessMemory or WriteProcessMemory request was completed. (0x12B)
[0523/013235.797:WARNING:pe_image_reader.cc(340)] could not read dos header from C:\WINDOWS\SYSTEM32\SSPICLI.DLL
[0523/013235.797:ERROR:process_memory_win.cc(73)] ReadMemory at 0x7ffc79670000 of 64 bytes failed: Only part of a ReadProcessMemory or WriteProcessMemory request was completed. (0x12B)
[0523/013235.797:WARNING:pe_image_reader.cc(340)] could not read dos header from C:\WINDOWS\SYSTEM32\CRYPTBASE.DLL
[0523/013235.797:ERROR:process_memory_win.cc(73)] ReadMemory at 0x7ffc79670000 of 64 bytes failed: Only part of a ReadProcessMemory or WriteProcessMemory request was completed. (0x12B)
[0523/013235.797:WARNING:pe_image_reader.cc(340)] could not read dos header from C:\WINDOWS\SYSTEM32\CRYPTBASE.DLL
[0523/013235.833:ERROR:process_memory_win.cc(73)] ReadMemory at 0x7ff6e7f80000 of 64 bytes failed: Only part of a ReadProcessMemory or WriteProcessMemory request was completed. (0x12B)
[0523/013235.833:WARNING:pe_image_reader.cc(340)] could not read dos header from C:\Program Files (x86)\Google\Chrome\Application\chrome.exe
[0523/013235.833:ERROR:process_memory_win.cc(73)] ReadMemory at 0x7ffc7dc40000 of 64 bytes failed: Only part of a ReadProcessMemory or WriteProcessMemory request was completed. (0x12B)
[0523/013235.833:WARNING:pe_image_reader.cc(340)] could not read dos header from C:\WINDOWS\SYSTEM32\ntdll.dll
[0523/013235.833:ERROR:process_memory_win.cc(73)] ReadMemory at 0x7ffc7b5b0000 of 64 bytes failed: Only part of a ReadProcessMemory or WriteProcessMemory request was completed. (0x12B)
[0523/013235.833:WARNING:pe_image_reader.cc(340)] could not read dos header from C:\WINDOWS\System32\KERNEL32.DLL
[0523/013235.833:ERROR:process_memory_win.cc(73)] ReadMemory at 0x7ffc7a250000 of 64 bytes failed: Only part of a ReadProcessMemory or WriteProcessMemory request was completed. (0x12B)
[0523/013235.833:WARNING:pe_image_reader.cc(340)] could not read dos header from C:\WINDOWS\System32\KERNELBASE.dll
[0523/013235.833:ERROR:process_memory_win.cc(73)] ReadMemory at 0x7ffc37700000 of 64 bytes failed: Only part of a ReadProcessMemory or WriteProcessMemory request was completed. (0x12B)
[0523/013235.833:WARNING:pe_image_reader.cc(340)] could not read dos header from C:\Program Files (x86)\Google\Chrome\Application\81.0.4044.138\chrome_elf.dll
[0523/013235.833:ERROR:process_memory_win.cc(73)] ReadMemory at 0x7ffc67eb0000 of 64 bytes failed: Only part of a ReadProcessMemory or WriteProcessMemory request was completed. (0x12B)
[0523/013235.833:WARNING:pe_image_reader.cc(340)] could not read dos header from C:\WINDOWS\SYSTEM32\VERSION.dll
[0523/013235.833:ERROR:process_memory_win.cc(73)] ReadMemory at 0x7ffc7c2a0000 of 64 bytes failed: Only part of a ReadProcessMemory or WriteProcessMemory request was completed. (0x12B)
[0523/013235.833:WARNING:pe_image_reader.cc(340)] could not read dos header from C:\WINDOWS\System32\msvcrt.dll
[0523/013235.833:ERROR:process_memory_win.cc(73)] ReadMemory at 0x7ffc79f80000 of 64 bytes failed: Only part of a ReadProcessMemory or WriteProcessMemory request was completed. (0x12B)
[0523/013235.833:WARNING:pe_image_reader.cc(340)] could not read dos header from C:\WINDOWS\System32\bcryptPrimitives.dll
[0523/013235.833:ERROR:process_memory_win.cc(73)] ReadMemory at 0x7ffc7bfc0000 of 64 bytes failed: Only part of a ReadProcessMemory or WriteProcessMemory request was completed. (0x12B)
[0523/013235.833:WARNING:pe_image_reader.cc(340)] could not read dos header from C:\WINDOWS\System32\ADVAPI32.dll
[0523/013235.833:ERROR:process_memory_win.cc(73)] ReadMemory at 0x7ffc7d9a0000 of 64 bytes failed: Only part of a ReadProcessMemory or WriteProcessMemory request was completed. (0x12B)
[0523/013235.833:WARNING:pe_image_reader.cc(340)] could not read dos header from C:\WINDOWS\System32\sechost.dll
[0523/013235.833:ERROR:process_memory_win.cc(73)] ReadMemory at 0x7ffc7b3c0000 of 64 bytes failed: Only part of a ReadProcessMemory or WriteProcessMemory request was completed. (0x12B)
[0523/013235.833:WARNING:pe_image_reader.cc(340)] could not read dos header from C:\WINDOWS\System32\RPCRT4.dll
[0523/013235.833:ERROR:process_memory_win.cc(73)] ReadMemory at 0x7ffc264e0000 of 64 bytes failed: Only part of a ReadProcessMemory or WriteProcessMemory request was completed. (0x12B)
[0523/013235.833:WARNING:pe_image_reader.cc(340)] could not read dos header from C:\Program Files (x86)\Google\Chrome\Application\81.0.4044.138\chrome.dll
[0523/013235.833:ERROR:process_memory_win.cc(73)] ReadMemory at 0x7ffc7bf00000 of 64 bytes failed: Only part of a ReadProcessMemory or WriteProcessMemory request was completed. (0x12B)
[0523/013235.833:WARNING:pe_image_reader.cc(340)] could not read dos header from C:\WINDOWS\System32\WS2_32.dll
[0523/013235.833:ERROR:process_memory_win.cc(73)] ReadMemory at 0x7ffc7be30000 of 64 bytes failed: Only part of a ReadProcessMemory or WriteProcessMemory request was completed. (0x12B)
[0523/013235.833:WARNING:pe_image_reader.cc(340)] could not read dos header from C:\WINDOWS\System32\OLEAUT32.dll
[0523/013235.833:ERROR:process_memory_win.cc(73)] ReadMemory at 0x7ffc79ee0000 of 64 bytes failed: Only part of a ReadProcessMemory or WriteProcessMemory request was completed. (0x12B)
[0523/013235.833:WARNING:pe_image_reader.cc(340)] could not read dos header from C:\WINDOWS\System32\msvcp_win.dll
[0523/013235.833:ERROR:process_memory_win.cc(73)] ReadMemory at 0x7ffc7ad60000 of 64 bytes failed: Only part of a ReadProcessMemory or WriteProcessMemory request was completed. (0x12B)
[0523/013235.833:WARNING:pe_image_reader.cc(340)] could not read dos header from C:\WINDOWS\System32\ucrtbase.dll
[0523/013235.833:ERROR:process_memory_win.cc(73)] ReadMemory at 0x7ffc7b090000 of 64 bytes failed: Only part of a ReadProcessMemory or WriteProcessMemory request was completed. (0x12B)
[0523/013235.833:WARNING:pe_image_reader.cc(340)] could not read dos header from C:\WINDOWS\System32\combase.dll
[0523/013235.833:ERROR:process_memory_win.cc(73)] ReadMemory at 0x7ffc7a000000 of 64 bytes failed: Only part of a ReadProcessMemory or WriteProcessMemory request was completed. (0x12B)
[0523/013235.833:WARNING:pe_image_reader.cc(340)] could not read dos header from C:\WINDOWS\System32\WINTRUST.dll
[0523/013235.833:ERROR:process_memory_win.cc(73)] ReadMemory at 0x7ffc79c80000 of 64 bytes failed: Only part of a ReadProcessMemory or WriteProcessMemory request was completed. (0x12B)
[0523/013235.833:WARNING:pe_image_reader.cc(340)] could not read dos header from C:\WINDOWS\System32\MSASN1.dll
[0523/013235.833:ERROR:process_memory_win.cc(73)] ReadMemory at 0x7ffc79d00000 of 64 bytes failed: Only part of a ReadProcessMemory or WriteProcessMemory request was completed. (0x12B)
[0523/013235.833:WARNING:pe_image_reader.cc(340)] could not read dos header from C:\WINDOWS\System32\CRYPT32.dll
[0523/013235.833:ERROR:process_memory_win.cc(73)] ReadMemory at 0x7ffc791c0000 of 64 bytes failed: Only part of a ReadProcessMemory or WriteProcessMemory request was completed. (0x12B)
[0523/013235.833:WARNING:pe_image_reader.cc(340)] could not read dos header from C:\WINDOWS\SYSTEM32\IPHLPAPI.DLL
[0523/013235.833:ERROR:process_memory_win.cc(73)] ReadMemory at 0x7ffc75a10000 of 64 bytes failed: Only part of a ReadProcessMemory or WriteProcessMemory request was completed. (0x12B)
[0523/013235.833:WARNING:pe_image_reader.cc(340)] could not read dos header from C:\WINDOWS\SYSTEM32\WINMM.dll
[0523/013235.833:ERROR:process_memory_win.cc(73)] ReadMemory at 0x7ffc69660000 of 64 bytes failed: Only part of a ReadProcessMemory or WriteProcessMemory request was completed. (0x12B)
[0523/013235.833:WARNING:pe_image_reader.cc(340)] could not read dos header from C:\WINDOWS\SYSTEM32\Secur32.dll
[0523/013235.833:ERROR:process_memory_win.cc(73)] ReadMemory at 0x7ffc79b60000 of 64 bytes failed: Only part of a ReadProcessMemory or WriteProcessMemory request was completed. (0x12B)
[0523/013235.833:WARNING:pe_image_reader.cc(340)] could not read dos header from C:\WINDOWS\SYSTEM32\USERENV.dll
[0523/013235.833:ERROR:process_memory_win.cc(73)] ReadMemory at 0x7ffc79c50000 of 64 bytes failed: Only part of a ReadProcessMemory or WriteProcessMemory request was completed. (0x12B)
[0523/013235.833:WARNING:pe_image_reader.cc(340)] could not read dos header from C:\WINDOWS\System32\profapi.dll
[0523/013235.833:ERROR:process_memory_win.cc(73)] ReadMemory at 0x7ffc47050000 of 64 bytes failed: Only part of a ReadProcessMemory or WriteProcessMemory request was completed. (0x12B)
[0523/013235.833:WARNING:pe_image_reader.cc(340)] could not read dos header from C:\WINDOWS\SYSTEM32\UIAutomationCore.DLL
[0523/013235.833:ERROR:process_memory_win.cc(73)] ReadMemory at 0x7ffc6a810000 of 64 bytes failed: Only part of a ReadProcessMemory or WriteProcessMemory request was completed. (0x12B)
[0523/013235.833:WARNING:pe_image_reader.cc(340)] could not read dos header from C:\WINDOWS\SYSTEM32\DWrite.dll
[0523/013235.833:ERROR:process_memory_win.cc(73)] ReadMemory at 0x7ffc67e10000 of 64 bytes failed: Only part of a ReadProcessMemory or WriteProcessMemory request was completed. (0x12B)
[0523/013235.833:WARNING:pe_image_reader.cc(340)] could not read dos header from C:\WINDOWS\SYSTEM32\WINSPOOL.DRV
[0523/013235.833:ERROR:process_memory_win.cc(73)] ReadMemory at 0x7ffc79c30000 of 64 bytes failed: Only part of a ReadProcessMemory or WriteProcessMemory request was completed. (0x12B)
[0523/013235.833:WARNING:pe_image_reader.cc(340)] could not read dos header from C:\WINDOWS\System32\kernel.appcore.dll
[0523/013235.833:ERROR:process_memory_win.cc(73)] ReadMemory at 0x7ffc7ac60000 of 64 bytes failed: Only part of a ReadProcessMemory or WriteProcessMemory request was completed. (0x12B)
[0523/013235.833:WARNING:pe_image_reader.cc(340)] could not read dos header from C:\WINDOWS\System32\bcrypt.dll
[0523/013235.833:ERROR:process_memory_win.cc(73)] ReadMemory at 0x7ffc78440000 of 64 bytes failed: Only part of a ReadProcessMemory or WriteProcessMemory request was completed. (0x12B)
[0523/013235.833:WARNING:pe_image_reader.cc(340)] could not read dos header from C:\WINDOWS\SYSTEM32\dbghelp.dll
[0523/013235.833:ERROR:process_memory_win.cc(73)] ReadMemory at 0x7ffc6cfc0000 of 64 bytes failed: Only part of a ReadProcessMemory or WriteProcessMemory request was completed. (0x12B)
[0523/013235.833:WARNING:pe_image_reader.cc(340)] could not read dos header from C:\WINDOWS\SYSTEM32\WINHTTP.dll
[0523/013235.833:ERROR:process_memory_win.cc(73)] ReadMemory at 0x7ffc6ed80000 of 64 bytes failed: Only part of a ReadProcessMemory or WriteProcessMemory request was completed. (0x12B)
[0523/013235.833:WARNING:pe_image_reader.cc(340)] could not read dos header from C:\WINDOWS\SYSTEM32\dhcpcsvc.DLL
[0523/013235.833:ERROR:process_memory_win.cc(73)] ReadMemory at 0x7ffc7da40000 of 64 bytes failed: Only part of a ReadProcessMemory or WriteProcessMemory request was completed. (0x12B)
[0523/013235.833:WARNING:pe_image_reader.cc(340)] could not read dos header from C:\WINDOWS\System32\NSI.dll
[0523/013235.833:ERROR:process_memory_win.cc(73)] ReadMemory at 0x7ffc759e0000 of 64 bytes failed: Only part of a ReadProcessMemory or WriteProcessMemory request was completed. (0x12B)
[0523/013235.833:WARNING:pe_image_reader.cc(340)] could not read dos header from C:\WINDOWS\SYSTEM32\WINMMBASE.dll
[0523/013235.836:ERROR:process_memory_win.cc(73)] ReadMemory at 0x7ffc7a060000 of 64 bytes failed: Only part of a ReadProcessMemory or WriteProcessMemory request was completed. (0x12B)
[0523/013235.836:WARNING:pe_image_reader.cc(340)] could not read dos header from C:\WINDOWS\System32\cfgmgr32.dll
[0523/013235.836:ERROR:process_memory_win.cc(73)] ReadMemory at 0x7ffc6d950000 of 64 bytes failed: Only part of a ReadProcessMemory or WriteProcessMemory request was completed. (0x12B)
[0523/013235.836:WARNING:pe_image_reader.cc(340)] could not read dos header from C:\WINDOWS\SYSTEM32\Bcp47Langs.dll
[0523/013235.836:ERROR:process_memory_win.cc(73)] ReadMemory at 0x7ffc77970000 of 64 bytes failed: Only part of a ReadProcessMemory or WriteProcessMemory request was completed. (0x12B)
[0523/013235.836:WARNING:pe_image_reader.cc(340)] could not read dos header from C:\WINDOWS\SYSTEM32\PROPSYS.dll
[0523/013235.836:ERROR:process_memory_win.cc(73)] ReadMemory at 0x7ffc7bcc0000 of 64 bytes failed: Only part of a ReadProcessMemory or WriteProcessMemory request was completed. (0x12B)
[0523/013235.836:WARNING:pe_image_reader.cc(340)] could not read dos header from C:\WINDOWS\System32\shcore.dll
[0523/013235.836:ERROR:process_memory_win.cc(73)] ReadMemory at 0x7ffc79b30000 of 64 bytes failed: Only part of a ReadProcessMemory or WriteProcessMemory request was completed. (0x12B)
[0523/013235.836:WARNING:pe_image_reader.cc(340)] could not read dos header from C:\WINDOWS\SYSTEM32\SSPICLI.DLL
[0523/013235.836:ERROR:process_memory_win.cc(73)] ReadMemory at 0x7ffc79670000 of 64 bytes failed: Only part of a ReadProcessMemory or WriteProcessMemory request was completed. (0x12B)
[0523/013235.836:WARNING:pe_image_reader.cc(340)] could not read dos header from C:\WINDOWS\SYSTEM32\CRYPTBASE.DLL
[0523/013235.840:ERROR:process_memory_win.cc(73)] ReadMemory at 0x7ff6e7f80000 of 64 bytes failed: Only part of a ReadProcessMemory or WriteProcessMemory request was completed. (0x12B)
[0523/013235.840:WARNING:pe_image_reader.cc(340)] could not read dos header from C:\Program Files (x86)\Google\Chrome\Application\chrome.exe
[0523/013235.840:ERROR:process_memory_win.cc(73)] ReadMemory at 0x7ffc7dc40000 of 64 bytes failed: Only part of a ReadProcessMemory or WriteProcessMemory request was completed. (0x12B)
[0523/013235.841:WARNING:pe_image_reader.cc(340)] could not read dos header from C:\WINDOWS\SYSTEM32\ntdll.dll
[0523/013235.841:ERROR:process_memory_win.cc(73)] ReadMemory at 0x7ffc7b5b0000 of 64 bytes failed: Only part of a ReadProcessMemory or WriteProcessMemory request was completed. (0x12B)
[0523/013235.841:WARNING:pe_image_reader.cc(340)] could not read dos header from C:\WINDOWS\System32\KERNEL32.DLL
[0523/013235.841:ERROR:process_memory_win.cc(73)] ReadMemory at 0x7ffc7a250000 of 64 bytes failed: Only part of a ReadProcessMemory or WriteProcessMemory request was completed. (0x12B)
[0523/013235.841:WARNING:pe_image_reader.cc(340)] could not read dos header from C:\WINDOWS\System32\KERNELBASE.dll
[0523/013235.841:ERROR:process_memory_win.cc(73)] ReadMemory at 0x7ffc37700000 of 64 bytes failed: Only part of a ReadProcessMemory or WriteProcessMemory request was completed. (0x12B)
[0523/013235.842:WARNING:pe_image_reader.cc(340)] could not read dos header from C:\Program Files (x86)\Google\Chrome\Application\81.0.4044.138\chrome_elf.dll
[0523/013235.842:ERROR:process_memory_win.cc(73)] ReadMemory at 0x7ffc67eb0000 of 64 bytes failed: Only part of a ReadProcessMemory or WriteProcessMemory request was completed. (0x12B)
[0523/013235.842:WARNING:pe_image_reader.cc(340)] could not read dos header from C:\WINDOWS\SYSTEM32\VERSION.dll
[0523/013235.842:ERROR:process_memory_win.cc(73)] ReadMemory at 0x7ffc7c2a0000 of 64 bytes failed: Only part of a ReadProcessMemory or WriteProcessMemory request was completed. (0x12B)
[0523/013235.842:WARNING:pe_image_reader.cc(340)] could not read dos header from C:\WINDOWS\System32\msvcrt.dll
[0523/013235.842:ERROR:process_memory_win.cc(73)] ReadMemory at 0x7ffc79f80000 of 64 bytes failed: Only part of a ReadProcessMemory or WriteProcessMemory request was completed. (0x12B)
[0523/013235.842:WARNING:pe_image_reader.cc(340)] could not read dos header from C:\WINDOWS\System32\bcryptPrimitives.dll
[0523/013235.842:ERROR:process_memory_win.cc(73)] ReadMemory at 0x7ffc7bfc0000 of 64 bytes failed: Only part of a ReadProcessMemory or WriteProcessMemory request was completed. (0x12B)
[0523/013235.842:WARNING:pe_image_reader.cc(340)] could not read dos header from C:\WINDOWS\System32\ADVAPI32.dll
[0523/013235.842:ERROR:process_memory_win.cc(73)] ReadMemory at 0x7ffc7d9a0000 of 64 bytes failed: Only part of a ReadProcessMemory or WriteProcessMemory request was completed. (0x12B)
[0523/013235.842:WARNING:pe_image_reader.cc(340)] could not read dos header from C:\WINDOWS\System32\sechost.dll
[0523/013235.842:ERROR:process_memory_win.cc(73)] ReadMemory at 0x7ffc7b3c0000 of 64 bytes failed: Only part of a ReadProcessMemory or WriteProcessMemory request was completed. (0x12B)
[0523/013235.842:WARNING:pe_image_reader.cc(340)] could not read dos header from C:\WINDOWS\System32\RPCRT4.dll
[0523/013235.842:ERROR:process_memory_win.cc(73)] ReadMemory at 0x7ffc264e0000 of 64 bytes failed: Only part of a ReadProcessMemory or WriteProcessMemory request was completed. (0x12B)
[0523/013235.842:WARNING:pe_image_reader.cc(340)] could not read dos header from C:\Program Files (x86)\Google\Chrome\Application\81.0.4044.138\chrome.dll
[0523/013235.842:ERROR:process_memory_win.cc(73)] ReadMemory at 0x7ffc7bf00000 of 64 bytes failed: Only part of a ReadProcessMemory or WriteProcessMemory request was completed. (0x12B)
[0523/013235.842:WARNING:pe_image_reader.cc(340)] could not read dos header from C:\WINDOWS\System32\WS2_32.dll
[0523/013235.842:ERROR:process_memory_win.cc(73)] ReadMemory at 0x7ffc7be30000 of 64 bytes failed: Only part of a ReadProcessMemory or WriteProcessMemory request was completed. (0x12B)
[0523/013235.842:WARNING:pe_image_reader.cc(340)] could not read dos header from C:\WINDOWS\System32\OLEAUT32.dll
[0523/013235.842:ERROR:process_memory_win.cc(73)] ReadMemory at 0x7ffc79ee0000 of 64 bytes failed: Only part of a ReadProcessMemory or WriteProcessMemory request was completed. (0x12B)
[0523/013235.842:WARNING:pe_image_reader.cc(340)] could not read dos header from C:\WINDOWS\System32\msvcp_win.dll
[0523/013235.842:ERROR:process_memory_win.cc(73)] ReadMemory at 0x7ffc7ad60000 of 64 bytes failed: Only part of a ReadProcessMemory or WriteProcessMemory request was completed. (0x12B)
[0523/013235.842:WARNING:pe_image_reader.cc(340)] could not read dos header from C:\WINDOWS\System32\ucrtbase.dll
[0523/013235.842:ERROR:process_memory_win.cc(73)] ReadMemory at 0x7ffc7b090000 of 64 bytes failed: Only part of a ReadProcessMemory or WriteProcessMemory request was completed. (0x12B)
[0523/013235.842:WARNING:pe_image_reader.cc(340)] could not read dos header from C:\WINDOWS\System32\combase.dll
[0523/013235.842:ERROR:process_memory_win.cc(73)] ReadMemory at 0x7ffc7a000000 of 64 bytes failed: Only part of a ReadProcessMemory or WriteProcessMemory request was completed. (0x12B)
[0523/013235.842:WARNING:pe_image_reader.cc(340)] could not read dos header from C:\WINDOWS\System32\WINTRUST.dll
[0523/013235.843:ERROR:process_memory_win.cc(73)] ReadMemory at 0x7ffc79c80000 of 64 bytes failed: Only part of a ReadProcessMemory or WriteProcessMemory request was completed. (0x12B)
[0523/013235.843:WARNING:pe_image_reader.cc(340)] could not read dos header from C:\WINDOWS\System32\MSASN1.dll
[0523/013235.843:ERROR:process_memory_win.cc(73)] ReadMemory at 0x7ffc79d00000 of 64 bytes failed: Only part of a ReadProcessMemory or WriteProcessMemory request was completed. (0x12B)
[0523/013235.843:WARNING:pe_image_reader.cc(340)] could not read dos header from C:\WINDOWS\System32\CRYPT32.dll
[0523/013235.843:ERROR:process_memory_win.cc(73)] ReadMemory at 0x7ffc791c0000 of 64 bytes failed: Only part of a ReadProcessMemory or WriteProcessMemory request was completed. (0x12B)
[0523/013235.843:WARNING:pe_image_reader.cc(340)] could not read dos header from C:\WINDOWS\SYSTEM32\IPHLPAPI.DLL
[0523/013235.843:ERROR:process_memory_win.cc(73)] ReadMemory at 0x7ffc75a10000 of 64 bytes failed: Only part of a ReadProcessMemory or WriteProcessMemory request was completed. (0x12B)
[0523/013235.843:WARNING:pe_image_reader.cc(340)] could not read dos header from C:\WINDOWS\SYSTEM32\WINMM.dll
[0523/013235.843:ERROR:process_memory_win.cc(73)] ReadMemory at 0x7ffc69660000 of 64 bytes failed: Only part of a ReadProcessMemory or WriteProcessMemory request was completed. (0x12B)
[0523/013235.843:WARNING:pe_image_reader.cc(340)] could not read dos header from C:\WINDOWS\SYSTEM32\Secur32.dll
[0523/013235.843:ERROR:process_memory_win.cc(73)] ReadMemory at 0x7ffc79b60000 of 64 bytes failed: Only part of a ReadProcessMemory or WriteProcessMemory request was completed. (0x12B)
[0523/013235.843:WARNING:pe_image_reader.cc(340)] could not read dos header from C:\WINDOWS\SYSTEM32\USERENV.dll
[0523/013235.843:ERROR:process_memory_win.cc(73)] ReadMemory at 0x7ffc79c50000 of 64 bytes failed: Only part of a ReadProcessMemory or WriteProcessMemory request was completed. (0x12B)
[0523/013235.843:WARNING:pe_image_reader.cc(340)] could not read dos header from C:\WINDOWS\System32\profapi.dll
[0523/013235.843:ERROR:process_memory_win.cc(73)] ReadMemory at 0x7ffc47050000 of 64 bytes failed: Only part of a ReadProcessMemory or WriteProcessMemory request was completed. (0x12B)
[0523/013235.843:WARNING:pe_image_reader.cc(340)] could not read dos header from C:\WINDOWS\SYSTEM32\UIAutomationCore.DLL
[0523/013235.843:ERROR:process_memory_win.cc(73)] ReadMemory at 0x7ffc6a810000 of 64 bytes failed: Only part of a ReadProcessMemory or WriteProcessMemory request was completed. (0x12B)
[0523/013235.843:WARNING:pe_image_reader.cc(340)] could not read dos header from C:\WINDOWS\SYSTEM32\DWrite.dll
[0523/013235.843:ERROR:process_memory_win.cc(73)] ReadMemory at 0x7ffc67e10000 of 64 bytes failed: Only part of a ReadProcessMemory or WriteProcessMemory request was completed. (0x12B)
[0523/013235.843:WARNING:pe_image_reader.cc(340)] could not read dos header from C:\WINDOWS\SYSTEM32\WINSPOOL.DRV
[0523/013235.843:ERROR:process_memory_win.cc(73)] ReadMemory at 0x7ffc79c30000 of 64 bytes failed: Only part of a ReadProcessMemory or WriteProcessMemory request was completed. (0x12B)
[0523/013235.843:WARNING:pe_image_reader.cc(340)] could not read dos header from C:\WINDOWS\System32\kernel.appcore.dll
[0523/013235.843:ERROR:process_memory_win.cc(73)] ReadMemory at 0x7ffc7ac60000 of 64 bytes failed: Only part of a ReadProcessMemory or WriteProcessMemory request was completed. (0x12B)
[0523/013235.843:WARNING:pe_image_reader.cc(340)] could not read dos header from C:\WINDOWS\System32\bcrypt.dll
[0523/013235.843:ERROR:process_memory_win.cc(73)] ReadMemory at 0x7ffc78440000 of 64 bytes failed: Only part of a ReadProcessMemory or WriteProcessMemory request was completed. (0x12B)
[0523/013235.843:WARNING:pe_image_reader.cc(340)] could not read dos header from C:\WINDOWS\SYSTEM32\dbghelp.dll
[0523/013235.843:ERROR:process_memory_win.cc(73)] ReadMemory at 0x7ffc6cfc0000 of 64 bytes failed: Only part of a ReadProcessMemory or WriteProcessMemory request was completed. (0x12B)
[0523/013235.843:WARNING:pe_image_reader.cc(340)] could not read dos header from C:\WINDOWS\SYSTEM32\WINHTTP.dll
[0523/013235.843:ERROR:process_memory_win.cc(73)] ReadMemory at 0x7ffc6ed80000 of 64 bytes failed: Only part of a ReadProcessMemory or WriteProcessMemory request was completed. (0x12B)
[0523/013235.843:WARNING:pe_image_reader.cc(340)] could not read dos header from C:\WINDOWS\SYSTEM32\dhcpcsvc.DLL
[0523/013235.843:ERROR:process_memory_win.cc(73)] ReadMemory at 0x7ffc7da40000 of 64 bytes failed: Only part of a ReadProcessMemory or WriteProcessMemory request was completed. (0x12B)
[0523/013235.843:WARNING:pe_image_reader.cc(340)] could not read dos header from C:\WINDOWS\System32\NSI.dll
[0523/013235.843:ERROR:process_memory_win.cc(73)] ReadMemory at 0x7ffc759e0000 of 64 bytes failed: Only part of a ReadProcessMemory or WriteProcessMemory request was completed. (0x12B)
[0523/013235.843:WARNING:pe_image_reader.cc(340)] could not read dos header from C:\WINDOWS\SYSTEM32\WINMMBASE.dll
[0523/013235.843:ERROR:process_memory_win.cc(73)] ReadMemory at 0x7ffc7a060000 of 64 bytes failed: Only part of a ReadProcessMemory or WriteProcessMemory request was completed. (0x12B)
[0523/013235.843:WARNING:pe_image_reader.cc(340)] could not read dos header from C:\WINDOWS\System32\cfgmgr32.dll
[0523/013235.843:ERROR:process_memory_win.cc(73)] ReadMemory at 0x7ffc6d950000 of 64 bytes failed: Only part of a ReadProcessMemory or WriteProcessMemory request was completed. (0x12B)
[0523/013235.843:WARNING:pe_image_reader.cc(340)] could not read dos header from C:\WINDOWS\SYSTEM32\Bcp47Langs.dll
[0523/013235.843:ERROR:process_memory_win.cc(73)] ReadMemory at 0x7ffc77970000 of 64 bytes failed: Only part of a ReadProcessMemory or WriteProcessMemory request was completed. (0x12B)
[0523/013235.843:WARNING:pe_image_reader.cc(340)] could not read dos header from C:\WINDOWS\SYSTEM32\PROPSYS.dll
[0523/013235.843:ERROR:process_memory_win.cc(73)] ReadMemory at 0x7ffc7bcc0000 of 64 bytes failed: Only part of a ReadProcessMemory or WriteProcessMemory request was completed. (0x12B)
[0523/013235.843:WARNING:pe_image_reader.cc(340)] could not read dos header from C:\WINDOWS\System32\shcore.dll
[0523/013235.843:ERROR:process_memory_win.cc(73)] ReadMemory at 0x7ffc79b30000 of 64 bytes failed: Only part of a ReadProcessMemory or WriteProcessMemory request was completed. (0x12B)
[0523/013235.843:WARNING:pe_image_reader.cc(340)] could not read dos header from C:\WINDOWS\SYSTEM32\SSPICLI.DLL
[0523/013235.843:ERROR:process_memory_win.cc(73)] ReadMemory at 0x7ffc79670000 of 64 bytes failed: Only part of a ReadProcessMemory or WriteProcessMemory request was completed. (0x12B)
[0523/013235.843:WARNING:pe_image_reader.cc(340)] could not read dos header from C:\WINDOWS\SYSTEM32\CRYPTBASE.DLL
[0523/013235.843:ERROR:process_memory_win.cc(73)] ReadMemory at 0x7ff6e7f80000 of 64 bytes failed: Only part of a ReadProcessMemory or WriteProcessMemory request was completed. (0x12B)
[0523/013235.843:WARNING:pe_image_reader.cc(340)] could not read dos header from C:\Program Files (x86)\Google\Chrome\Application\chrome.exe
[0523/013235.843:ERROR:process_memory_win.cc(73)] ReadMemory at 0x7ffc7dc40000 of 64 bytes failed: Only part of a ReadProcessMemory or WriteProcessMemory request was completed. (0x12B)
[0523/013235.843:WARNING:pe_image_reader.cc(340)] could not read dos header from C:\WINDOWS\SYSTEM32\ntdll.dll
[0523/013235.843:ERROR:process_memory_win.cc(73)] ReadMemory at 0x7ffc7b5b0000 of 64 bytes failed: Only part of a ReadProcessMemory or WriteProcessMemory request was completed. (0x12B)
[0523/013235.843:WARNING:pe_image_reader.cc(340)] could not read dos header from C:\WINDOWS\System32\KERNEL32.DLL
[0523/013235.843:ERROR:process_memory_win.cc(73)] ReadMemory at 0x7ffc7a250000 of 64 bytes failed: Only part of a ReadProcessMemory or WriteProcessMemory request was completed. (0x12B)
[0523/013235.843:WARNING:pe_image_reader.cc(340)] could not read dos header from C:\WINDOWS\System32\KERNELBASE.dll
[0523/013235.843:ERROR:process_memory_win.cc(73)] ReadMemory at 0x7ffc37700000 of 64 bytes failed: Only part of a ReadProcessMemory or WriteProcessMemory request was completed. (0x12B)
[0523/013235.843:WARNING:pe_image_reader.cc(340)] could not read dos header from C:\Program Files (x86)\Google\Chrome\Application\81.0.4044.138\chrome_elf.dll
[0523/013235.843:ERROR:process_memory_win.cc(73)] ReadMemory at 0x7ffc67eb0000 of 64 bytes failed: Only part of a ReadProcessMemory or WriteProcessMemory request was completed. (0x12B)
[0523/013235.843:WARNING:pe_image_reader.cc(340)] could not read dos header from C:\WINDOWS\SYSTEM32\VERSION.dll
[0523/013235.843:ERROR:process_memory_win.cc(73)] ReadMemory at 0x7ffc7c2a0000 of 64 bytes failed: Only part of a ReadProcessMemory or WriteProcessMemory request was completed. (0x12B)
[0523/013235.843:WARNING:pe_image_reader.cc(340)] could not read dos header from C:\WINDOWS\System32\msvcrt.dll
[0523/013235.843:ERROR:process_memory_win.cc(73)] ReadMemory at 0x7ffc79f80000 of 64 bytes failed: Only part of a ReadProcessMemory or WriteProcessMemory request was completed. (0x12B)
[0523/013235.843:WARNING:pe_image_reader.cc(340)] could not read dos header from C:\WINDOWS\System32\bcryptPrimitives.dll
[0523/013235.843:ERROR:process_memory_win.cc(73)] ReadMemory at 0x7ffc7bfc0000 of 64 bytes failed: Only part of a ReadProcessMemory or WriteProcessMemory request was completed. (0x12B)
[0523/013235.843:WARNING:pe_image_reader.cc(340)] could not read dos header from C:\WINDOWS\System32\ADVAPI32.dll
[0523/013235.843:ERROR:process_memory_win.cc(73)] ReadMemory at 0x7ffc7d9a0000 of 64 bytes failed: Only part of a ReadProcessMemory or WriteProcessMemory request was completed. (0x12B)
[0523/013235.843:WARNING:pe_image_reader.cc(340)] could not read dos header from C:\WINDOWS\System32\sechost.dll
[0523/013235.843:ERROR:process_memory_win.cc(73)] ReadMemory at 0x7ffc7b3c0000 of 64 bytes failed: Only part of a ReadProcessMemory or WriteProcessMemory request was completed. (0x12B)
[0523/013235.843:WARNING:pe_image_reader.cc(340)] could not read dos header from C:\WINDOWS\System32\RPCRT4.dll
[0523/013235.843:ERROR:process_memory_win.cc(73)] ReadMemory at 0x7ffc264e0000 of 64 bytes failed: Only part of a ReadProcessMemory or WriteProcessMemory request was completed. (0x12B)
[0523/013235.843:WARNING:pe_image_reader.cc(340)] could not read dos header from C:\Program Files (x86)\Google\Chrome\Application\81.0.4044.138\chrome.dll
[0523/013235.843:ERROR:process_memory_win.cc(73)] ReadMemory at 0x7ffc7bf00000 of 64 bytes failed: Only part of a ReadProcessMemory or WriteProcessMemory request was completed. (0x12B)
[0523/013235.843:WARNING:pe_image_reader.cc(340)] could not read dos header from C:\WINDOWS\System32\WS2_32.dll
[0523/013235.843:ERROR:process_memory_win.cc(73)] ReadMemory at 0x7ffc7be30000 of 64 bytes failed: Only part of a ReadProcessMemory or WriteProcessMemory request was completed. (0x12B)
[0523/013235.843:WARNING:pe_image_reader.cc(340)] could not read dos header from C:\WINDOWS\System32\OLEAUT32.dll
[0523/013235.843:ERROR:process_memory_win.cc(73)] ReadMemory at 0x7ffc79ee0000 of 64 bytes failed: Only part of a ReadProcessMemory or WriteProcessMemory request was completed. (0x12B)
[0523/013235.843:WARNING:pe_image_reader.cc(340)] could not read dos header from C:\WINDOWS\System32\msvcp_win.dll
[0523/013235.843:ERROR:process_memory_win.cc(73)] ReadMemory at 0x7ffc7ad60000 of 64 bytes failed: Only part of a ReadProcessMemory or WriteProcessMemory request was completed. (0x12B)
[0523/013235.843:WARNING:pe_image_reader.cc(340)] could not read dos header from C:\WINDOWS\System32\ucrtbase.dll
[0523/013235.843:ERROR:process_memory_win.cc(73)] ReadMemory at 0x7ffc7b090000 of 64 bytes failed: Only part of a ReadProcessMemory or WriteProcessMemory request was completed. (0x12B)
[0523/013235.843:WARNING:pe_image_reader.cc(340)] could not read dos header from C:\WINDOWS\System32\combase.dll
[0523/013235.843:ERROR:process_memory_win.cc(73)] ReadMemory at 0x7ffc7a000000 of 64 bytes failed: Only part of a ReadProcessMemory or WriteProcessMemory request was completed. (0x12B)
[0523/013235.843:WARNING:pe_image_reader.cc(340)] could not read dos header from C:\WINDOWS\System32\WINTRUST.dll
[0523/013235.843:ERROR:process_memory_win.cc(73)] ReadMemory at 0x7ffc79c80000 of 64 bytes failed: Only part of a ReadProcessMemory or WriteProcessMemory request was completed. (0x12B)
[0523/013235.843:WARNING:pe_image_reader.cc(340)] could not read dos header from C:\WINDOWS\System32\MSASN1.dll
[0523/013235.843:ERROR:process_memory_win.cc(73)] ReadMemory at 0x7ffc79d00000 of 64 bytes failed: Only part of a ReadProcessMemory or WriteProcessMemory request was completed. (0x12B)
[0523/013235.843:WARNING:pe_image_reader.cc(340)] could not read dos header from C:\WINDOWS\System32\CRYPT32.dll
[0523/013235.843:ERROR:process_memory_win.cc(73)] ReadMemory at 0x7ffc791c0000 of 64 bytes failed: Only part of a ReadProcessMemory or WriteProcessMemory request was completed. (0x12B)
[0523/013235.843:WARNING:pe_image_reader.cc(340)] could not read dos header from C:\WINDOWS\SYSTEM32\IPHLPAPI.DLL
[0523/013235.843:ERROR:process_memory_win.cc(73)] ReadMemory at 0x7ffc75a10000 of 64 bytes failed: Only part of a ReadProcessMemory or WriteProcessMemory request was completed. (0x12B)
[0523/013235.843:WARNING:pe_image_reader.cc(340)] could not read dos header from C:\WINDOWS\SYSTEM32\WINMM.dll
[0523/013235.843:ERROR:process_memory_win.cc(73)] ReadMemory at 0x7ffc69660000 of 64 bytes failed: Only part of a ReadProcessMemory or WriteProcessMemory request was completed. (0x12B)
[0523/013235.843:WARNING:pe_image_reader.cc(340)] could not read dos header from C:\WINDOWS\SYSTEM32\Secur32.dll
[0523/013235.843:ERROR:process_memory_win.cc(73)] ReadMemory at 0x7ffc79b60000 of 64 bytes failed: Only part of a ReadProcessMemory or WriteProcessMemory request was completed. (0x12B)
[0523/013235.843:WARNING:pe_image_reader.cc(340)] could not read dos header from C:\WINDOWS\SYSTEM32\USERENV.dll
[0523/013235.843:ERROR:process_memory_win.cc(73)] ReadMemory at 0x7ffc79c50000 of 64 bytes failed: Only part of a ReadProcessMemory or WriteProcessMemory request was completed. (0x12B)
[0523/013235.843:WARNING:pe_image_reader.cc(340)] could not read dos header from C:\WINDOWS\System32\profapi.dll
[0523/013235.843:ERROR:process_memory_win.cc(73)] ReadMemory at 0x7ffc47050000 of 64 bytes failed: Only part of a ReadProcessMemory or WriteProcessMemory request was completed. (0x12B)
[0523/013235.843:WARNING:pe_image_reader.cc(340)] could not read dos header from C:\WINDOWS\SYSTEM32\UIAutomationCore.DLL
[0523/013235.843:ERROR:process_memory_win.cc(73)] ReadMemory at 0x7ffc6a810000 of 64 bytes failed: Only part of a ReadProcessMemory or WriteProcessMemory request was completed. (0x12B)
[0523/013235.843:WARNING:pe_image_reader.cc(340)] could not read dos header from C:\WINDOWS\SYSTEM32\DWrite.dll
[0523/013235.843:ERROR:process_memory_win.cc(73)] ReadMemory at 0x7ffc67e10000 of 64 bytes failed: Only part of a ReadProcessMemory or WriteProcessMemory request was completed. (0x12B)
[0523/013235.843:WARNING:pe_image_reader.cc(340)] could not read dos header from C:\WINDOWS\SYSTEM32\WINSPOOL.DRV
[0523/013235.843:ERROR:process_memory_win.cc(73)] ReadMemory at 0x7ffc79c30000 of 64 bytes failed: Only part of a ReadProcessMemory or WriteProcessMemory request was completed. (0x12B)
[0523/013235.843:WARNING:pe_image_reader.cc(340)] could not read dos header from C:\WINDOWS\System32\kernel.appcore.dll
[0523/013235.843:ERROR:process_memory_win.cc(73)] ReadMemory at 0x7ffc7ac60000 of 64 bytes failed: Only part of a ReadProcessMemory or WriteProcessMemory request was completed. (0x12B)
[0523/013235.845:WARNING:pe_image_reader.cc(340)] could not read dos header from C:\WINDOWS\System32\bcrypt.dll
[0523/013235.845:ERROR:process_memory_win.cc(73)] ReadMemory at 0x7ffc78440000 of 64 bytes failed: Only part of a ReadProcessMemory or WriteProcessMemory request was completed. (0x12B)
[0523/013235.845:WARNING:pe_image_reader.cc(340)] could not read dos header from C:\WINDOWS\SYSTEM32\dbghelp.dll
[0523/013235.846:ERROR:process_memory_win.cc(73)] ReadMemory at 0x7ffc6cfc0000 of 64 bytes failed: Only part of a ReadProcessMemory or WriteProcessMemory request was completed. (0x12B)
[0523/013235.846:WARNING:pe_image_reader.cc(340)] could not read dos header from C:\WINDOWS\SYSTEM32\WINHTTP.dll
[0523/013235.846:ERROR:process_memory_win.cc(73)] ReadMemory at 0x7ffc6ed80000 of 64 bytes failed: Only part of a ReadProcessMemory or WriteProcessMemory request was completed. (0x12B)
[0523/013235.846:WARNING:pe_image_reader.cc(340)] could not read dos header from C:\WINDOWS\SYSTEM32\dhcpcsvc.DLL
[0523/013235.846:ERROR:process_memory_win.cc(73)] ReadMemory at 0x7ffc7da40000 of 64 bytes failed: Only part of a ReadProcessMemory or WriteProcessMemory request was completed. (0x12B)
[0523/013235.846:WARNING:pe_image_reader.cc(340)] could not read dos header from C:\WINDOWS\System32\NSI.dll
[0523/013235.846:ERROR:process_memory_win.cc(73)] ReadMemory at 0x7ffc759e0000 of 64 bytes failed: Only part of a ReadProcessMemory or WriteProcessMemory request was completed. (0x12B)
[0523/013235.846:WARNING:pe_image_reader.cc(340)] could not read dos header from C:\WINDOWS\SYSTEM32\WINMMBASE.dll
[0523/013235.846:ERROR:process_memory_win.cc(73)] ReadMemory at 0x7ffc7a060000 of 64 bytes failed: Only part of a ReadProcessMemory or WriteProcessMemory request was completed. (0x12B)
[0523/013235.846:WARNING:pe_image_reader.cc(340)] could not read dos header from C:\WINDOWS\System32\cfgmgr32.dll
[0523/013235.846:ERROR:process_memory_win.cc(73)] ReadMemory at 0x7ffc6d950000 of 64 bytes failed: Only part of a ReadProcessMemory or WriteProcessMemory request was completed. (0x12B)
[0523/013235.846:WARNING:pe_image_reader.cc(340)] could not read dos header from C:\WINDOWS\SYSTEM32\Bcp47Langs.dll
[0523/013235.846:ERROR:process_memory_win.cc(73)] ReadMemory at 0x7ffc77970000 of 64 bytes failed: Only part of a ReadProcessMemory or WriteProcessMemory request was completed. (0x12B)
[0523/013235.846:WARNING:pe_image_reader.cc(340)] could not read dos header from C:\WINDOWS\SYSTEM32\PROPSYS.dll
[0523/013235.846:ERROR:process_memory_win.cc(73)] ReadMemory at 0x7ffc7bcc0000 of 64 bytes failed: Only part of a ReadProcessMemory or WriteProcessMemory request was completed. (0x12B)
[0523/013235.846:WARNING:pe_image_reader.cc(340)] could not read dos header from C:\WINDOWS\System32\shcore.dll
[0523/013235.846:ERROR:process_memory_win.cc(73)] ReadMemory at 0x7ffc79b30000 of 64 bytes failed: Only part of a ReadProcessMemory or WriteProcessMemory request was completed. (0x12B)
[0523/013235.846:WARNING:pe_image_reader.cc(340)] could not read dos header from C:\WINDOWS\SYSTEM32\SSPICLI.DLL
[0523/013235.846:ERROR:process_memory_win.cc(73)] ReadMemory at 0x7ffc79670000 of 64 bytes failed: Only part of a ReadProcessMemory or WriteProcessMemory request was completed. (0x12B)
[0523/013235.846:WARNING:pe_image_reader.cc(340)] could not read dos header from C:\WINDOWS\SYSTEM32\CRYPTBASE.DLL
[0523/013235.852:ERROR:process_memory_win.cc(73)] ReadMemory at 0x63775f9000 of 28672 bytes failed: Only part of a ReadProcessMemory or WriteProcessMemory request was completed. (0x12B)
[0523/013235.852:ERROR:process_memory_win.cc(73)] ReadMemory at 0x6377dfd000 of 12288 bytes failed: Only part of a ReadProcessMemory or WriteProcessMemory request was completed. (0x12B)
[0523/013235.853:ERROR:process_memory_win.cc(73)] ReadMemory at 0x63785fd000 of 12288 bytes failed: Only part of a ReadProcessMemory or WriteProcessMemory request was completed. (0x12B)
[0523/013235.853:ERROR:process_memory_win.cc(73)] ReadMemory at 0x6378dfd000 of 12288 bytes failed: Only part of a ReadProcessMemory or WriteProcessMemory request was completed. (0x12B)
[0523/013235.853:ERROR:process_memory_win.cc(73)] ReadMemory at 0x63795fb000 of 20480 bytes failed: Only part of a ReadProcessMemory or WriteProcessMemory request was completed. (0x12B)
[0523/013235.853:ERROR:process_memory_win.cc(73)] ReadMemory at 0x6379dfe000 of 8192 bytes failed: Only part of a ReadProcessMemory or WriteProcessMemory request was completed. (0x12B)
[0523/013235.853:ERROR:process_memory_win.cc(73)] ReadMemory at 0x637a5fd000 of 12288 bytes failed: Only part of a ReadProcessMemory or WriteProcessMemory request was completed. (0x12B)
[0523/013235.853:ERROR:process_memory_win.cc(73)] ReadMemory at 0x637adfd000 of 12288 bytes failed: Only part of a ReadProcessMemory or WriteProcessMemory request was completed. (0x12B)
[0523/013235.853:ERROR:process_memory_win.cc(73)] ReadMemory at 0x637b5fd000 of 12288 bytes failed: Only part of a ReadProcessMemory or WriteProcessMemory request was completed. (0x12B)
[0523/013235.853:ERROR:process_memory_win.cc(73)] ReadMemory at 0x637bdfd000 of 12288 bytes failed: Only part of a ReadProcessMemory or WriteProcessMemory request was completed. (0x12B)
[0523/013235.853:ERROR:process_memory_win.cc(73)] ReadMemory at 0x637c5fd000 of 12288 bytes failed: Only part of a ReadProcessMemory or WriteProcessMemory request was completed. (0x12B)
[0523/013235.853:ERROR:process_memory_win.cc(73)] ReadMemory at 0x637cdfd000 of 12288 bytes failed: Only part of a ReadProcessMemory or WriteProcessMemory request was completed. (0x12B)
[0523/013235.853:ERROR:process_memory_win.cc(73)] ReadMemory at 0x637d5fd000 of 12288 bytes failed: Only part of a ReadProcessMemory or WriteProcessMemory request was completed. (0x12B)
[0523/013235.853:ERROR:process_memory_win.cc(73)] ReadMemory at 0x637ddfd000 of 12288 bytes failed: Only part of a ReadProcessMemory or WriteProcessMemory request was completed. (0x12B)
[0523/013235.854:ERROR:process_memory_win.cc(73)] ReadMemory at 0x637e5fd000 of 12288 bytes failed: Only part of a ReadProcessMemory or WriteProcessMemory request was completed. (0x12B)
[0523/013235.854:ERROR:process_memory_win.cc(73)] ReadMemory at 0x637edfd000 of 12288 bytes failed: Only part of a ReadProcessMemory or WriteProcessMemory request was completed. (0x12B)
[0523/013235.854:ERROR:process_memory_win.cc(73)] ReadMemory at 0x6376da7000 of 852 bytes failed: Only part of a ReadProcessMemory or WriteProcessMemory request was completed. (0x12B)
[0523/013235.854:ERROR:process_memory_win.cc(73)] ReadMemory at 0x6376da8000 of 6024 bytes failed: Only part of a ReadProcessMemory or WriteProcessMemory request was completed. (0x12B)
[0523/013235.854:ERROR:process_memory_win.cc(73)] ReadMemory at 0x6376daa000 of 6024 bytes failed: Only part of a ReadProcessMemory or WriteProcessMemory request was completed. (0x12B)
[0523/013235.854:ERROR:process_memory_win.cc(73)] ReadMemory at 0x6376dac000 of 6024 bytes failed: Only part of a ReadProcessMemory or WriteProcessMemory request was completed. (0x12B)
[0523/013235.854:ERROR:process_memory_win.cc(73)] ReadMemory at 0x6376dae000 of 6024 bytes failed: Only part of a ReadProcessMemory or WriteProcessMemory request was completed. (0x12B)
[0523/013235.854:ERROR:process_memory_win.cc(73)] ReadMemory at 0x6376db0000 of 6024 bytes failed: Only part of a ReadProcessMemory or WriteProcessMemory request was completed. (0x12B)
[0523/013235.854:ERROR:process_memory_win.cc(73)] ReadMemory at 0x6376db2000 of 6024 bytes failed: Only part of a ReadProcessMemory or WriteProcessMemory request was completed. (0x12B)
[0523/013235.854:ERROR:process_memory_win.cc(73)] ReadMemory at 0x6376db4000 of 6024 bytes failed: Only part of a ReadProcessMemory or WriteProcessMemory request was completed. (0x12B)
[0523/013235.854:ERROR:process_memory_win.cc(73)] ReadMemory at 0x6376db6000 of 6024 bytes failed: Only part of a ReadProcessMemory or WriteProcessMemory request was completed. (0x12B)
[0523/013235.854:ERROR:process_memory_win.cc(73)] ReadMemory at 0x6376db8000 of 6024 bytes failed: Only part of a ReadProcessMemory or WriteProcessMemory request was completed. (0x12B)
[0523/013235.854:ERROR:process_memory_win.cc(73)] ReadMemory at 0x6376dba000 of 6024 bytes failed: Only part of a ReadProcessMemory or WriteProcessMemory request was completed. (0x12B)
[0523/013235.854:ERROR:process_memory_win.cc(73)] ReadMemory at 0x6376dbc000 of 6024 bytes failed: Only part of a ReadProcessMemory or WriteProcessMemory request was completed. (0x12B)
[0523/013235.854:ERROR:process_memory_win.cc(73)] ReadMemory at 0x6376dbe000 of 6024 bytes failed: Only part of a ReadProcessMemory or WriteProcessMemory request was completed. (0x12B)
[0523/013235.854:ERROR:process_memory_win.cc(73)] ReadMemory at 0x6376dc0000 of 6024 bytes failed: Only part of a ReadProcessMemory or WriteProcessMemory request was completed. (0x12B)
[0523/013235.855:ERROR:process_memory_win.cc(73)] ReadMemory at 0x6376dc2000 of 6024 bytes failed: Only part of a ReadProcessMemory or WriteProcessMemory request was completed. (0x12B)
[0523/013235.855:ERROR:process_memory_win.cc(73)] ReadMemory at 0x6376dc4000 of 6024 bytes failed: Only part of a ReadProcessMemory or WriteProcessMemory request was completed. (0x12B)
[0523/013235.855:ERROR:process_memory_win.cc(73)] ReadMemory at 0x6376dc6000 of 6024 bytes failed: Only part of a ReadProcessMemory or WriteProcessMemory request was completed. (0x12B)
[0523/013235.855:ERROR:process_memory_win.cc(73)] ReadMemory at 0x20c806c4c40 of 512 bytes failed: Only part of a ReadProcessMemory or WriteProcessMemory request was completed. (0x12B)
[0523/013235.855:ERROR:process_memory_win.cc(73)] ReadMemory at 0x20c806c58a0 of 512 bytes failed: Only part of a ReadProcessMemory or WriteProcessMemory request was completed. (0x12B)
[0523/013235.855:ERROR:process_memory_win.cc(73)] ReadMemory at 0x20c806ce250 of 512 bytes failed: Only part of a ReadProcessMemory or WriteProcessMemory request was completed. (0x12B)
[0523/013235.855:ERROR:process_memory_win.cc(73)] ReadMemory at 0x20c806d2a10 of 512 bytes failed: Only part of a ReadProcessMemory or WriteProcessMemory request was completed. (0x12B)
[0523/013235.855:ERROR:process_memory_win.cc(73)] ReadMemory at 0x20c806f22d0 of 512 bytes failed: Only part of a ReadProcessMemory or WriteProcessMemory request was completed. (0x12B)
[0523/013235.855:ERROR:process_memory_win.cc(73)] ReadMemory at 0x20c8070e790 of 712 bytes failed: Only part of a ReadProcessMemory or WriteProcessMemory request was completed. (0x12B)
[0523/013235.855:ERROR:process_memory_win.cc(73)] ReadMemory at 0x20c80717818 of 512 bytes failed: Only part of a ReadProcessMemory or WriteProcessMemory request was completed. (0x12B)
[0523/013235.855:ERROR:process_memory_win.cc(73)] ReadMemory at 0x20c80737a90 of 512 bytes failed: Only part of a ReadProcessMemory or WriteProcessMemory request was completed. (0x12B)
[0523/013235.855:ERROR:process_memory_win.cc(73)] ReadMemory at 0x20c81e0ff80 of 512 bytes failed: Only part of a ReadProcessMemory or WriteProcessMemory request was completed. (0x12B)
[0523/013235.855:ERROR:process_memory_win.cc(73)] ReadMemory at 0x20c81e79290 of 512 bytes failed: Only part of a ReadProcessMemory or WriteProcessMemory request was completed. (0x12B)
[0523/013235.855:ERROR:process_memory_win.cc(73)] ReadMemory at 0x20c81f5db80 of 512 bytes failed: Only part of a ReadProcessMemory or WriteProcessMemory request was completed. (0x12B)
[0523/013235.855:ERROR:process_memory_win.cc(73)] ReadMemory at 0x20c81f5eb20 of 512 bytes failed: Only part of a ReadProcessMemory or WriteProcessMemory request was completed. (0x12B)
[0523/013235.856:ERROR:process_memory_win.cc(73)] ReadMemory at 0x20c81f71b80 of 512 bytes failed: Only part of a ReadProcessMemory or WriteProcessMemory request was completed. (0x12B)
[0523/013235.856:ERROR:process_memory_win.cc(73)] ReadMemory at 0x20c9c810fe0 of 4556 bytes failed: Only part of a ReadProcessMemory or WriteProcessMemory request was completed. (0x12B)
[0523/013235.856:ERROR:process_memory_win.cc(73)] ReadMemory at 0x20c9c8121c0 of 1012 bytes failed: Only part of a ReadProcessMemory or WriteProcessMemory request was completed. (0x12B)
[0523/013235.856:ERROR:process_memory_win.cc(73)] ReadMemory at 0x20c9c8127e8 of 118 bytes failed: Only part of a ReadProcessMemory or WriteProcessMemory request was completed. (0x12B)
[0523/013235.856:ERROR:process_memory_win.cc(73)] ReadMemory at 0x20c9c812860 of 758 bytes failed: Only part of a ReadProcessMemory or WriteProcessMemory request was completed. (0x12B)
[0523/013235.856:ERROR:process_memory_win.cc(73)] ReadMemory at 0x20c9c812b58 of 118 bytes failed: Only part of a ReadProcessMemory or WriteProcessMemory request was completed. (0x12B)
[0523/013235.856:ERROR:process_memory_win.cc(73)] ReadMemory at 0x20c9c812bd0 of 98 bytes failed: Only part of a ReadProcessMemory or WriteProcessMemory request was completed. (0x12B)
[0523/013235.856:ERROR:process_memory_win.cc(73)] ReadMemory at 0x20c9c812c40 of 58 bytes failed: Only part of a ReadProcessMemory or WriteProcessMemory request was completed. (0x12B)
[0523/013235.856:ERROR:process_memory_win.cc(73)] ReadMemory at 0x20c9c812d40 of 132 bytes failed: Only part of a ReadProcessMemory or WriteProcessMemory request was completed. (0x12B)
[0523/013235.856:ERROR:process_memory_win.cc(73)] ReadMemory at 0x20c9c812ed0 of 132 bytes failed: Only part of a ReadProcessMemory or WriteProcessMemory request was completed. (0x12B)
[0523/013235.856:ERROR:process_memory_win.cc(73)] ReadMemory at 0x20c9c813090 of 126 bytes failed: Only part of a ReadProcessMemory or WriteProcessMemory request was completed. (0x12B)
[0523/013235.856:ERROR:process_memory_win.cc(73)] ReadMemory at 0x20c9c813470 of 132 bytes failed: Only part of a ReadProcessMemory or WriteProcessMemory request was completed. (0x12B)
[0523/013235.856:ERROR:process_memory_win.cc(73)] ReadMemory at 0x20c9c813600 of 64 bytes failed: Only part of a ReadProcessMemory or WriteProcessMemory request was completed. (0x12B)
[0523/013235.856:ERROR:process_memory_win.cc(73)] ReadMemory at 0x20c9c8137c0 of 132 bytes failed: Only part of a ReadProcessMemory or WriteProcessMemory request was completed. (0x12B)
[0523/013235.857:ERROR:process_memory_win.cc(73)] ReadMemory at 0x20c9c813a60 of 132 bytes failed: Only part of a ReadProcessMemory or WriteProcessMemory request was completed. (0x12B)
[0523/013235.857:ERROR:process_memory_win.cc(73)] ReadMemory at 0x20c9c813bf0 of 68 bytes failed: Only part of a ReadProcessMemory or WriteProcessMemory request was completed. (0x12B)
[0523/013235.857:ERROR:process_memory_win.cc(73)] ReadMemory at 0x20c9c814bb0 of 132 bytes failed: Only part of a ReadProcessMemory or WriteProcessMemory request was completed. (0x12B)
[0523/013235.857:ERROR:process_memory_win.cc(73)] ReadMemory at 0x20c9c814d40 of 154 bytes failed: Only part of a ReadProcessMemory or WriteProcessMemory request was completed. (0x12B)
[0523/013235.857:ERROR:process_memory_win.cc(73)] ReadMemory at 0x20c9c815910 of 132 bytes failed: Only part of a ReadProcessMemory or WriteProcessMemory request was completed. (0x12B)
[0523/013235.857:ERROR:process_memory_win.cc(73)] ReadMemory at 0x20c9c815b20 of 62 bytes failed: Only part of a ReadProcessMemory or WriteProcessMemory request was completed. (0x12B)
[0523/013235.857:ERROR:process_memory_win.cc(73)] ReadMemory at 0x20c9c815b70 of 132 bytes failed: Only part of a ReadProcessMemory or WriteProcessMemory request was completed. (0x12B)
[0523/013235.857:ERROR:process_memory_win.cc(73)] ReadMemory at 0x20c9c815d10 of 60 bytes failed: Only part of a ReadProcessMemory or WriteProcessMemory request was completed. (0x12B)
[0523/013235.857:ERROR:process_memory_win.cc(73)] ReadMemory at 0x20c9c816300 of 132 bytes failed: Only part of a ReadProcessMemory or WriteProcessMemory request was completed. (0x12B)
[0523/013235.857:ERROR:process_memory_win.cc(73)] ReadMemory at 0x20c9c81713c of 512 bytes failed: Only part of a ReadProcessMemory or WriteProcessMemory request was completed. (0x12B)
[0523/013235.857:ERROR:process_memory_win.cc(73)] ReadMemory at 0x20c9c81ad10 of 132 bytes failed: Only part of a ReadProcessMemory or WriteProcessMemory request was completed. (0x12B)
[0523/013235.857:ERROR:process_memory_win.cc(73)] ReadMemory at 0x20c9c81ae40 of 132 bytes failed: Only part of a ReadProcessMemory or WriteProcessMemory request was completed. (0x12B)
[0523/013235.857:ERROR:process_memory_win.cc(73)] ReadMemory at 0x20c9c81afd0 of 80 bytes failed: Only part of a ReadProcessMemory or WriteProcessMemory request was completed. (0x12B)
[0523/013235.858:ERROR:process_memory_win.cc(73)] ReadMemory at 0x20c9c81b170 of 62 bytes failed: Only part of a ReadProcessMemory or WriteProcessMemory request was completed. (0x12B)
[0523/013235.858:ERROR:process_memory_win.cc(73)] ReadMemory at 0x20c9c81b260 of 60 bytes failed: Only part of a ReadProcessMemory or WriteProcessMemory request was completed. (0x12B)
[0523/013235.858:ERROR:process_memory_win.cc(73)] ReadMemory at 0x20c9c81b2b0 of 64 bytes failed: Only part of a ReadProcessMemory or WriteProcessMemory request was completed. (0x12B)
[0523/013235.858:ERROR:process_memory_win.cc(73)] ReadMemory at 0x20c9c81b350 of 64 bytes failed: Only part of a ReadProcessMemory or WriteProcessMemory request was completed. (0x12B)
[0523/013235.858:ERROR:process_memory_win.cc(73)] ReadMemory at 0x20c9c81b5d0 of 66 bytes failed: Only part of a ReadProcessMemory or WriteProcessMemory request was completed. (0x12B)
[0523/013235.858:ERROR:process_memory_win.cc(73)] ReadMemory at 0x20c9c81b620 of 64 bytes failed: Only part of a ReadProcessMemory or WriteProcessMemory request was completed. (0x12B)
[0523/013235.858:ERROR:process_memory_win.cc(73)] ReadMemory at 0x20c9c81b670 of 62 bytes failed: Only part of a ReadProcessMemory or WriteProcessMemory request was completed. (0x12B)
[0523/013235.858:ERROR:process_memory_win.cc(73)] ReadMemory at 0x20c9c81b6c0 of 64 bytes failed: Only part of a ReadProcessMemory or WriteProcessMemory request was completed. (0x12B)
[0523/013235.858:ERROR:process_memory_win.cc(73)] ReadMemory at 0x20c9c81b8a0 of 60 bytes failed: Only part of a ReadProcessMemory or WriteProcessMemory request was completed. (0x12B)
[0523/013235.858:ERROR:process_memory_win.cc(73)] ReadMemory at 0x20c9c81bd80 of 132 bytes failed: Only part of a ReadProcessMemory or WriteProcessMemory request was completed. (0x12B)
[0523/013235.858:ERROR:process_memory_win.cc(73)] ReadMemory at 0x20c9c81beb0 of 132 bytes failed: Only part of a ReadProcessMemory or WriteProcessMemory request was completed. (0x12B)
[0523/013235.859:ERROR:process_memory_win.cc(73)] ReadMemory at 0x20c9c81bfe0 of 132 bytes failed: Only part of a ReadProcessMemory or WriteProcessMemory request was completed. (0x12B)
[0523/013235.859:ERROR:process_memory_win.cc(73)] ReadMemory at 0x20c9c81c110 of 132 bytes failed: Only part of a ReadProcessMemory or WriteProcessMemory request was completed. (0x12B)
[0523/013235.859:ERROR:process_memory_win.cc(73)] ReadMemory at 0x20c9c81c240 of 132 bytes failed: Only part of a ReadProcessMemory or WriteProcessMemory request was completed. (0x12B)
[0523/013235.859:ERROR:process_memory_win.cc(73)] ReadMemory at 0x20c9c81c370 of 132 bytes failed: Only part of a ReadProcessMemory or WriteProcessMemory request was completed. (0x12B)
[0523/013235.859:ERROR:process_memory_win.cc(73)] ReadMemory at 0x20c9c81c4a0 of 132 bytes failed: Only part of a ReadProcessMemory or WriteProcessMemory request was completed. (0x12B)
[0523/013235.859:ERROR:process_memory_win.cc(73)] ReadMemory at 0x20c9c81c5d0 of 132 bytes failed: Only part of a ReadProcessMemory or WriteProcessMemory request was completed. (0x12B)
[0523/013235.859:ERROR:process_memory_win.cc(73)] ReadMemory at 0x20c9c81c700 of 132 bytes failed: Only part of a ReadProcessMemory or WriteProcessMemory request was completed. (0x12B)
[0523/013235.859:ERROR:process_memory_win.cc(73)] ReadMemory at 0x20c9c81c830 of 132 bytes failed: Only part of a ReadProcessMemory or WriteProcessMemory request was completed. (0x12B)
[0523/013235.859:ERROR:process_memory_win.cc(73)] ReadMemory at 0x20c9c81c960 of 132 bytes failed: Only part of a ReadProcessMemory or WriteProcessMemory request was completed. (0x12B)
[0523/013235.859:ERROR:process_memory_win.cc(73)] ReadMemory at 0x20c9c81ca90 of 132 bytes failed: Only part of a ReadProcessMemory or WriteProcessMemory request was completed. (0x12B)
[0523/013235.859:ERROR:process_memory_win.cc(73)] ReadMemory at 0x20c9c81e530 of 146 bytes failed: Only part of a ReadProcessMemory or WriteProcessMemory request was completed. (0x12B)
[0523/013235.859:ERROR:process_memory_win.cc(73)] ReadMemory at 0x20c9c81f300 of 132 bytes failed: Only part of a ReadProcessMemory or WriteProcessMemory request was completed. (0x12B)
[0523/013235.860:ERROR:process_memory_win.cc(73)] ReadMemory at 0x20c9c81f520 of 132 bytes failed: Only part of a ReadProcessMemory or WriteProcessMemory request was completed. (0x12B)
[0523/013235.860:ERROR:process_memory_win.cc(73)] ReadMemory at 0x20c9c8209c0 of 54 bytes failed: Only part of a ReadProcessMemory or WriteProcessMemory request was completed. (0x12B)
[0523/013235.860:ERROR:process_memory_win.cc(73)] ReadMemory at 0x20c9c820ee0 of 132 bytes failed: Only part of a ReadProcessMemory or WriteProcessMemory request was completed. (0x12B)
[0523/013235.860:ERROR:process_memory_win.cc(73)] ReadMemory at 0x20c9c822a80 of 132 bytes failed: Only part of a ReadProcessMemory or WriteProcessMemory request was completed. (0x12B)
[0523/013235.860:ERROR:process_memory_win.cc(73)] ReadMemory at 0x20c9c8245d0 of 132 bytes failed: Only part of a ReadProcessMemory or WriteProcessMemory request was completed. (0x12B)
[0523/013235.860:ERROR:process_memory_win.cc(73)] ReadMemory at 0x20c9c824700 of 132 bytes failed: Only part of a ReadProcessMemory or WriteProcessMemory request was completed. (0x12B)
[0523/013235.860:ERROR:process_memory_win.cc(73)] ReadMemory at 0x20c9c825680 of 80 bytes failed: Only part of a ReadProcessMemory or WriteProcessMemory request was completed. (0x12B)
[0523/013235.860:ERROR:process_memory_win.cc(73)] ReadMemory at 0x20c9c825b00 of 76 bytes failed: Only part of a ReadProcessMemory or WriteProcessMemory request was completed. (0x12B)
[0523/013235.860:ERROR:process_memory_win.cc(73)] ReadMemory at 0x20c9c8266e0 of 66 bytes failed: Only part of a ReadProcessMemory or WriteProcessMemory request was completed. (0x12B)
[0523/013235.860:ERROR:process_memory_win.cc(73)] ReadMemory at 0x20c9c826820 of 62 bytes failed: Only part of a ReadProcessMemory or WriteProcessMemory request was completed. (0x12B)
[0523/013235.860:ERROR:process_memory_win.cc(73)] ReadMemory at 0x20c9c826870 of 62 bytes failed: Only part of a ReadProcessMemory or WriteProcessMemory request was completed. (0x12B)
[0523/013235.861:ERROR:process_memory_win.cc(73)] ReadMemory at 0x20c9c8268c0 of 58 bytes failed: Only part of a ReadProcessMemory or WriteProcessMemory request was completed. (0x12B)
[0523/013235.861:ERROR:process_memory_win.cc(73)] ReadMemory at 0x20c9c826910 of 68 bytes failed: Only part of a ReadProcessMemory or WriteProcessMemory request was completed. (0x12B)
[0523/013235.861:ERROR:process_memory_win.cc(73)] ReadMemory at 0x20c9c826960 of 64 bytes failed: Only part of a ReadProcessMemory or WriteProcessMemory request was completed. (0x12B)
[0523/013235.861:ERROR:process_memory_win.cc(73)] ReadMemory at 0x20c9c826b90 of 62 bytes failed: Only part of a ReadProcessMemory or WriteProcessMemory request was completed. (0x12B)
[0523/013235.861:ERROR:process_memory_win.cc(73)] ReadMemory at 0x20c9c826d20 of 62 bytes failed: Only part of a ReadProcessMemory or WriteProcessMemory request was completed. (0x12B)
[0523/013235.861:ERROR:process_memory_win.cc(73)] ReadMemory at 0x20c9c826d70 of 62 bytes failed: Only part of a ReadProcessMemory or WriteProcessMemory request was completed. (0x12B)
[0523/013235.861:ERROR:process_memory_win.cc(73)] ReadMemory at 0x20c9c826e60 of 64 bytes failed: Only part of a ReadProcessMemory or WriteProcessMemory request was completed. (0x12B)
[0523/013235.861:ERROR:process_memory_win.cc(73)] ReadMemory at 0x20c9c826eb0 of 60 bytes failed: Only part of a ReadProcessMemory or WriteProcessMemory request was completed. (0x12B)
[0523/013235.861:ERROR:process_memory_win.cc(73)] ReadMemory at 0x20c9c826f50 of 62 bytes failed: Only part of a ReadProcessMemory or WriteProcessMemory request was completed. (0x12B)
[0523/013235.861:ERROR:process_memory_win.cc(73)] ReadMemory at 0x20c9c826ff0 of 60 bytes failed: Only part of a ReadProcessMemory or WriteProcessMemory request was completed. (0x12B)
[0523/013235.861:ERROR:process_memory_win.cc(73)] ReadMemory at 0x20c9c8271d0 of 60 bytes failed: Only part of a ReadProcessMemory or WriteProcessMemory request was completed. (0x12B)
[0523/013235.862:ERROR:process_memory_win.cc(73)] ReadMemory at 0x20c9c827270 of 62 bytes failed: Only part of a ReadProcessMemory or WriteProcessMemory request was completed. (0x12B)
[0523/013235.862:ERROR:process_memory_win.cc(73)] ReadMemory at 0x20c9c827360 of 60 bytes failed: Only part of a ReadProcessMemory or WriteProcessMemory request was completed. (0x12B)
[0523/013235.862:ERROR:process_memory_win.cc(73)] ReadMemory at 0x20c9c827400 of 62 bytes failed: Only part of a ReadProcessMemory or WriteProcessMemory request was completed. (0x12B)
[0523/013235.862:ERROR:process_memory_win.cc(73)] ReadMemory at 0x20c9c827540 of 64 bytes failed: Only part of a ReadProcessMemory or WriteProcessMemory request was completed. (0x12B)
[0523/013235.862:ERROR:process_memory_win.cc(73)] ReadMemory at 0x20c9c8275e0 of 64 bytes failed: Only part of a ReadProcessMemory or WriteProcessMemory request was completed. (0x12B)
[0523/013235.862:ERROR:process_memory_win.cc(73)] ReadMemory at 0x20c9c827f80 of 132 bytes failed: Only part of a ReadProcessMemory or WriteProcessMemory request was completed. (0x12B)
[0523/013235.862:ERROR:process_memory_win.cc(73)] ReadMemory at 0x20c9c8280b0 of 132 bytes failed: Only part of a ReadProcessMemory or WriteProcessMemory request was completed. (0x12B)
[0523/013235.862:ERROR:process_memory_win.cc(73)] ReadMemory at 0x20c9c8286a0 of 132 bytes failed: Only part of a ReadProcessMemory or WriteProcessMemory request was completed. (0x12B)
[0523/013235.862:ERROR:process_memory_win.cc(73)] ReadMemory at 0x20c9c828a30 of 132 bytes failed: Only part of a ReadProcessMemory or WriteProcessMemory request was completed. (0x12B)
[0523/013235.862:ERROR:process_memory_win.cc(73)] ReadMemory at 0x20c9c828dc0 of 132 bytes failed: Only part of a ReadProcessMemory or WriteProcessMemory request was completed. (0x12B)
[0523/013235.863:ERROR:process_memory_win.cc(73)] ReadMemory at 0x20c9c828ef0 of 132 bytes failed: Only part of a ReadProcessMemory or WriteProcessMemory request was completed. (0x12B)
[0523/013235.863:ERROR:process_memory_win.cc(73)] ReadMemory at 0x20c9c829150 of 132 bytes failed: Only part of a ReadProcessMemory or WriteProcessMemory request was completed. (0x12B)
[0523/013235.863:ERROR:process_memory_win.cc(73)] ReadMemory at 0x20c9c829280 of 132 bytes failed: Only part of a ReadProcessMemory or WriteProcessMemory request was completed. (0x12B)
[0523/013235.863:ERROR:process_memory_win.cc(73)] ReadMemory at 0x20c9c8293b0 of 132 bytes failed: Only part of a ReadProcessMemory or WriteProcessMemory request was completed. (0x12B)
[0523/013235.863:ERROR:process_memory_win.cc(73)] ReadMemory at 0x20c9c8294e0 of 132 bytes failed: Only part of a ReadProcessMemory or WriteProcessMemory request was completed. (0x12B)
[0523/013235.863:ERROR:process_memory_win.cc(73)] ReadMemory at 0x20c9c829740 of 132 bytes failed: Only part of a ReadProcessMemory or WriteProcessMemory request was completed. (0x12B)
[0523/013235.865:ERROR:process_memory_win.cc(73)] ReadMemory at 0x20c9c83f320 of 512 bytes failed: Only part of a ReadProcessMemory or WriteProcessMemory request was completed. (0x12B)
[0523/013235.865:ERROR:process_memory_win.cc(73)] ReadMemory at 0x20c9c840280 of 512 bytes failed: Only part of a ReadProcessMemory or WriteProcessMemory request was completed. (0x12B)
[0523/013235.865:ERROR:process_memory_win.cc(73)] ReadMemory at 0x7ffc28b9971c of 512 bytes failed: Only part of a ReadProcessMemory or WriteProcessMemory request was completed. (0x12B)
[0523/013235.865:ERROR:process_memory_win.cc(73)] ReadMemory at 0x7ffc292747b0 of 553 bytes failed: Only part of a ReadProcessMemory or WriteProcessMemory request was completed. (0x12B)
[0523/013235.865:ERROR:process_memory_win.cc(73)] ReadMemory at 0x7ffc2c8789ec of 512 bytes failed: Only part of a ReadProcessMemory or WriteProcessMemory request was completed. (0x12B)
[0523/013235.865:ERROR:process_memory_win.cc(73)] ReadMemory at 0x7ffc7dc8ff10 of 512 bytes failed: Only part of a ReadProcessMemory or WriteProcessMemory request was completed. (0x12B)
[0523/013235.865:ERROR:process_memory_win.cc(73)] ReadMemory at 0x7ffc7dcdf764 of 672 bytes failed: Only part of a ReadProcessMemory or WriteProcessMemory request was completed. (0x12B)
[0523/013235.865:ERROR:process_memory_win.cc(73)] ReadMemory at 0x7ffc7dcdfd64 of 512 bytes failed: Only part of a ReadProcessMemory or WriteProcessMemory request was completed. (0x12B)
[0523/013235.865:ERROR:process_memory_win.cc(73)] ReadMemory at 0x7ffc7dce2ff4 of 608 bytes failed: Only part of a ReadProcessMemory or WriteProcessMemory request was completed. (0x12B)
[0523/013235.866:ERROR:process_memory_win.cc(73)] ReadMemory at 0x7ffc7dd6c0c8 of 18 bytes failed: Only part of a ReadProcessMemory or WriteProcessMemory request was completed. (0x12B)
[0523/013235.866:ERROR:process_memory_win.cc(73)] ReadMemory at 0x7ffc7dd9f4f8 of 40 bytes failed: Only part of a ReadProcessMemory or WriteProcessMemory request was completed. (0x12B)
[0523/013235.866:ERROR:process_memory_win.cc(73)] ReadMemory at 0x7ffc7dd9f978 of 48 bytes failed: Only part of a ReadProcessMemory or WriteProcessMemory request was completed. (0x12B)
[0523/013235.866:ERROR:process_memory_win.cc(73)] ReadMemory at 0x7ffc7dda53c0 of 64 bytes failed: Only part of a ReadProcessMemory or WriteProcessMemory request was completed. (0x12B)
[0523/013235.868:ERROR:scoped_process_suspend.cc(40)] NtResumeProcess: An attempt was made to access an exiting process. (0xc000010a)
